[debug] [2023-06-20T22:22:10.163Z] ----------------------------------------------------------------------
[debug] [2023-06-20T22:22:10.166Z] Command:       /usr/local/bin/node /usr/local/bin/firebase serve
[debug] [2023-06-20T22:22:10.167Z] CLI Version:   12.4.0
[debug] [2023-06-20T22:22:10.167Z] Platform:      darwin
[debug] [2023-06-20T22:22:10.167Z] Node Version:  v20.3.0
[debug] [2023-06-20T22:22:10.167Z] Time:          Tue Jun 20 2023 17:22:10 GMT-0500 (Central Daylight Time)
[debug] [2023-06-20T22:22:10.167Z] ----------------------------------------------------------------------
[debug] 
[debug] [2023-06-20T22:22:10.276Z] > command requires scopes: ["email","openid","https://www.googleapis.com/auth/cloudplatformprojects.readonly","https://www.googleapis.com/auth/firebase","https://www.googleapis.com/auth/cloud-platform"]
[debug] [2023-06-20T22:22:10.277Z] > authorizing via signed-in user (niel.paul@gmail.com)
[debug] [2023-06-20T22:22:10.277Z] [iam] checking project lollywest-abfa6 for permissions ["firebase.projects.get"]
[debug] [2023-06-20T22:22:10.282Z] >>> [apiv2][query] POST https://cloudresourcemanager.googleapis.com/v1/projects/lollywest-abfa6:testIamPermissions [none]
[debug] [2023-06-20T22:22:10.283Z] >>> [apiv2][(partial)header] POST https://cloudresourcemanager.googleapis.com/v1/projects/lollywest-abfa6:testIamPermissions x-goog-quota-user=projects/lollywest-abfa6
[debug] [2023-06-20T22:22:10.283Z] >>> [apiv2][body] POST https://cloudresourcemanager.googleapis.com/v1/projects/lollywest-abfa6:testIamPermissions {"permissions":["firebase.projects.get"]}
[debug] [2023-06-20T22:22:10.437Z] <<< [apiv2][status] POST https://cloudresourcemanager.googleapis.com/v1/projects/lollywest-abfa6:testIamPermissions 200
[debug] [2023-06-20T22:22:10.437Z] <<< [apiv2][body] POST https://cloudresourcemanager.googleapis.com/v1/projects/lollywest-abfa6:testIamPermissions {"permissions":["firebase.projects.get"]}
[debug] [2023-06-20T22:22:10.438Z] >>> [apiv2][query] GET https://firebase.googleapis.com/v1beta1/projects/lollywest-abfa6 [none]
[debug] [2023-06-20T22:22:10.596Z] <<< [apiv2][status] GET https://firebase.googleapis.com/v1beta1/projects/lollywest-abfa6 200
[debug] [2023-06-20T22:22:10.596Z] <<< [apiv2][body] GET https://firebase.googleapis.com/v1beta1/projects/lollywest-abfa6 {"projectId":"lollywest-abfa6","projectNumber":"773997592011","displayName":"Lollywest","name":"projects/lollywest-abfa6","resources":{"hostingSite":"lollywest-abfa6","realtimeDatabaseInstance":"lollywest-abfa6-default-rtdb"},"state":"ACTIVE","etag":"1_1cc14b9e-d0b8-4537-aeb3-add0c12e4914"}
[info] 
[info] === Serving from '/Users/nielpaul/Downloads/Lollywest3 copy/client'...
[info] 
[debug] [2023-06-20T22:22:10.599Z] >>> [apiv2][query] GET https://firebasehosting.googleapis.com/v1beta1/projects/lollywest-abfa6/sites 
[debug] [2023-06-20T22:22:10.994Z] <<< [apiv2][status] GET https://firebasehosting.googleapis.com/v1beta1/projects/lollywest-abfa6/sites 200
[debug] [2023-06-20T22:22:10.994Z] <<< [apiv2][body] GET https://firebasehosting.googleapis.com/v1beta1/projects/lollywest-abfa6/sites {"sites":[{"name":"projects/lollywest-abfa6/sites/lollywest-abfa6","defaultUrl":"https://lollywest-abfa6.web.app","type":"DEFAULT_SITE"}]}
[debug] [2023-06-20T22:22:10.995Z] >>> [apiv2][query] GET https://firebase.googleapis.com/v1beta1/projects/lollywest-abfa6/webApps/-/config [none]
[debug] [2023-06-20T22:22:11.301Z] <<< [apiv2][status] GET https://firebase.googleapis.com/v1beta1/projects/lollywest-abfa6/webApps/-/config 200
[debug] [2023-06-20T22:22:11.301Z] <<< [apiv2][body] GET https://firebase.googleapis.com/v1beta1/projects/lollywest-abfa6/webApps/-/config {"projectId":"lollywest-abfa6","appId":"1:773997592011:web:28bdd397dec30c44a48a4e","databaseURL":"https://lollywest-abfa6-default-rtdb.firebaseio.com","storageBucket":"lollywest-abfa6.appspot.com","apiKey":"AIzaSyBf9f-UBY2N1G_jYqiiheCJPZ__4Ih6Z1s","authDomain":"lollywest-abfa6.firebaseapp.com","messagingSenderId":"773997592011","measurementId":"G-LZXP6QF51X"}
[debug] [2023-06-20T22:22:11.326Z] >>> [apiv2][query] GET https://firebase.googleapis.com/v1beta1/projects/lollywest-abfa6 [none]
[debug] [2023-06-20T22:22:11.446Z] <<< [apiv2][status] GET https://firebase.googleapis.com/v1beta1/projects/lollywest-abfa6 200
[debug] [2023-06-20T22:22:11.446Z] <<< [apiv2][body] GET https://firebase.googleapis.com/v1beta1/projects/lollywest-abfa6 {"projectId":"lollywest-abfa6","projectNumber":"773997592011","displayName":"Lollywest","name":"projects/lollywest-abfa6","resources":{"hostingSite":"lollywest-abfa6","realtimeDatabaseInstance":"lollywest-abfa6-default-rtdb"},"state":"ACTIVE","etag":"1_1cc14b9e-d0b8-4537-aeb3-add0c12e4914"}
[info] i  hosting[lollywest-abfa6]: Serving hosting files from: build {"metadata":{"emulator":{"name":"hosting"},"message":"Serving hosting files from: \u001b[1mbuild\u001b[22m"}}
[info] ✔  hosting[lollywest-abfa6]: Local server: http://localhost:5002 {"metadata":{"emulator":{"name":"hosting"},"message":"Local server: \u001b[4m\u001b[1mhttp://localhost:5002\u001b[22m\u001b[24m"}}
[info] i  hosting: ::1 - - [20/Jun/2023:22:23:24 +0000] "GET /assets/vendor/bootstrap/dist/js/bootstrap.bundle.min.js.map HTTP/1.1" 200 - "-" "Mozilla/5.0 (Macintosh; Intel Mac OS X 10_15_7) AppleWebKit/537.36 (KHTML, like Gecko) Chrome/114.0.0.0 Safari/537.36" {"metadata":{"emulator":{"name":"hosting"},"message":"::1 - - [20/Jun/2023:22:23:24 +0000] \"GET /assets/vendor/bootstrap/dist/js/bootstrap.bundle.min.js.map HTTP/1.1\" 200 - \"-\" \"Mozilla/5.0 (Macintosh; Intel Mac OS X 10_15_7) AppleWebKit/537.36 (KHTML, like Gecko) Chrome/114.0.0.0 Safari/537.36\""}}
[info] i  hosting: ::1 - - [20/Jun/2023:22:23:24 +0000] "GET /static/js/main.9577967b.js.map HTTP/1.1" 200 - "-" "Mozilla/5.0 (Macintosh; Intel Mac OS X 10_15_7) AppleWebKit/537.36 (KHTML, like Gecko) Chrome/114.0.0.0 Safari/537.36" {"metadata":{"emulator":{"name":"hosting"},"message":"::1 - - [20/Jun/2023:22:23:24 +0000] \"GET /static/js/main.9577967b.js.map HTTP/1.1\" 200 - \"-\" \"Mozilla/5.0 (Macintosh; Intel Mac OS X 10_15_7) AppleWebKit/537.36 (KHTML, like Gecko) Chrome/114.0.0.0 Safari/537.36\""}}
